make all --print-data-base --no-builtin-variables --no-builtin-rules --question
# GNU Make 3.81
# Copyright (C) 2006  Free Software Foundation, Inc.
# This is free software; see the source for copying conditions.
# There is NO warranty; not even for MERCHANTABILITY or FITNESS FOR A
# PARTICULAR PURPOSE.

# This program built for i386-apple-darwin11.3.0
 

# Make data base, printed on Tue Dec  7 11:19:47 2021

# Variables

# automatic
<D = $(patsubst %/,%,$(dir $<))
# automatic
?F = $(notdir $?)
# environment
ELECTRON_NO_ATTACH_CONSOLE = 1
# environment
LC_CTYPE = UTF-8
# environment
VSCODE_LOG_NATIVE = false
# automatic
?D = $(patsubst %/,%,$(dir $?))
# automatic
@D = $(patsubst %/,%,$(dir $@))
# automatic
@F = $(notdir $@)
# makefile (from `Makefile', line 31)
BONUS_OBJS = $(BONUS_SRCS:.c=.o)
# makefile
CURDIR := /Users/corentin/code/19/pipex_bonus
# makefile
SHELL = /bin/sh
# makefile (from `Makefile', line 43)
RM = rm -f
# environment
VSCODE_NLS_CONFIG = {"locale":"en-gb","availableLanguages":{},"_languagePackSupport":true}
# environment
_ = /usr/bin/make
# makefile (from `Makefile', line 40)
CFLAGS = -Wall -Wextra -Werror -I$(INCLUDE_PATH)
# makefile (from `Makefile', line 1)
MAKEFILE_LIST :=  Makefile
# environment
VSCODE_VERBOSE_LOGGING = true
# environment
__CFBundleIdentifier = com.microsoft.VSCode
# environment
VSCODE_IPC_HOOK_EXTHOST = /var/folders/nj/1wm919k15mb_m2hg_wwhh1z80000gn/T/vscode-ipc-e1f85837-c633-4f48-9a99-04f010d68f9e.sock
# environment
VSCODE_CWD = /Users/corentin/code/19/pipex_bonus
# environment
PATH = /usr/local/bin:/usr/bin:/bin:/usr/sbin:/sbin:/Library/Apple/usr/bin
# environment
LSCOLORS = Gxfxcxdxbxegedabagacad
# environment
VSCODE_LOG_STACK = false
# environment
ELECTRON_RUN_AS_NODE = 1
# default
.FEATURES := target-specific order-only second-expansion else-if archives jobserver check-symlink
# environment
SSH_AUTH_SOCK = /private/tmp/com.apple.launchd.O6jce1Vy6K/Listeners
# automatic
%F = $(notdir $%)
# makefile (from `Makefile', line 23)
BONUS_SRCS = ./bonus/bonus.c ./bonus/errors.c ./bonus/free.c ./bonus/init_struct.c ./bonus/paths.c ./bonus/pipes.c
# environment
VSCODE_PIPE_LOGGING = true
# makefile (from `Makefile', line 30)
OBJS = $(SRCS:.c=.o)
# environment
PWD = /Users/corentin/code/19/pipex_bonus
# environment
ORIGINAL_XDG_CURRENT_DESKTOP = undefined
# environment
VSCODE_AMD_ENTRYPOINT = vs/workbench/services/extensions/node/extensionHostProcess
# environment
HOME = /Users/corentin
# default
MAKEFILEPATH := /Applications/Xcode.app/Contents/Developer/Makefiles
# environment
VSCODE_CLI = 1
# environment
VSCODE_CODE_CACHE_PATH = /Users/corentin/Library/Application Support/Code/CachedData/ccbaa2d27e38e5afa3e5c21c1c7bef4657064247
# environment
LOGNAME = corentin
# environment
APPLICATION_INSIGHTS_NO_DIAGNOSTIC_CHANNEL = true
# environment
ZSH = /Users/corentin/.oh-my-zsh
# environment
VSCODE_HANDLES_UNCAUGHT_ERRORS = true
# automatic
^D = $(patsubst %/,%,$(dir $^))
# makefile (from `Makefile', line 34)
BONUS_INC_PATH = ./bonus/
# environment
XPC_FLAGS = 0x0
# environment
COLORTERM = truecolor
# default
MAKE = $(MAKE_COMMAND)
# environment
LC_TERMINAL = iTerm2
# makefile (from `Makefile', line 16)
SRCS = ./srcs/errors.c ./srcs/free.c ./srcs/init_structs.c ./srcs/paths.c ./srcs/pipes.c ./srcs/pipex.c
# environment
SHLVL = 3
# makefile (from `Makefile', line 39)
CC = gcc
# default
MAKE_VERSION := 3.81
# environment
USER = corentin
# makefile
.DEFAULT_GOAL := pipex
# default
MAKECMDGOALS := all
# environment
TERM_SESSION_ID = w0t0p0:E1569AEE-2E62-4F77-AB31-28587ABCD150
# makefile (from `Makefile', line 13)
NAME = pipex
# environment
LESS = -R
# automatic
%D = $(patsubst %/,%,$(dir $%))
# default
MAKE_COMMAND := /Applications/Xcode.app/Contents/Developer/usr/bin/make
 
# environment
TERM_PROGRAM = iTerm.app
# default
.VARIABLES := 
# environment
TMPDIR = /var/folders/nj/1wm919k15mb_m2hg_wwhh1z80000gn/T/
# automatic
*F = $(notdir $*)
# environment
VSCODE_IPC_HOOK = /Users/corentin/Library/Application Support/Code/1.62.3-main.sock
# makefile
MAKEFLAGS = Rrqp
# environment
MFLAGS = -Rrqp
# automatic
*D = $(patsubst %/,%,$(dir $*))
# environment
TERM_PROGRAM_VERSION = 3.4.14
# makefile (from `Makefile', line 14)
BONUS_NAME = pipex
# environment
XPC_SERVICE_NAME = application.com.microsoft.VSCode.31238317.31238323.7D088FED-4CAD-41D6-89DB-E87D23C7B201
# environment
LC_TERMINAL_VERSION = 3.4.14
# automatic
+D = $(patsubst %/,%,$(dir $+))
# automatic
+F = $(notdir $+)
# environment
ITERM_SESSION_ID = w0t0p0:E1569AEE-2E62-4F77-AB31-28587ABCD150
# makefile (from `Makefile', line 33)
INCLUDE_PATH = ./includes/
# environment
COLORFGBG = 7;0
# environment
__CF_USER_TEXT_ENCODING = 0x1F5:0x0:0x0
# environment
COMMAND_MODE = unix2003
# default
MAKEFILES := 
# automatic
<F = $(notdir $<)
# environment
ITERM_PROFILE = Default
# makefile (from `Makefile', line 37)
LIBFT_PATH = ./libft/
# environment
PAGER = less
# environment
LC_ALL = C
# automatic
^F = $(notdir $^)
# default
SUFFIXES := 
# default
.INCLUDE_DIRS = /usr/local/include
# makefile (from `Makefile', line 41)
BONUS_CFLAGS = -Wall -Wextra -Werror -I$(BONUS_INC_PATH)
# environment
MAKELEVEL := 0
# environment
LANG = C
# environment
TERM = xterm-256color
# environment
VSCODE_PID = 2249
# makefile (from `Makefile', line 35)
LIBFT_LIB = libft.a
# variable set hash-table stats:
# Load=93/1024=9%, Rehash=0, Collisions=11/125=9%

# Pattern-specific Variable Values

# No pattern-specific variable values.

# Directories

# . (device 16777226, inode 31425307): 13 files, no impossibilities.

# 13 files, no impossibilities in 1 directories.

# Implicit Rules

# No implicit rules.

# Files

# Not a target:
bonus/paths.o:
#  Implicit rule search has not been done.
#  Modification time never checked.
#  File has not been updated.

# Not a target:
bonus/errors.o:
#  Implicit rule search has not been done.
#  Modification time never checked.
#  File has not been updated.

all:
#  Phony target (prerequisite of .PHONY).
#  Command-line target.
#  Implicit rule search has not been done.
#  Implicit/static pattern stem: `'
#  File does not exist.
#  File has been updated.
#  Needs to be updated (-q is set).
# automatic
# @ := all
# automatic
# % := 
# automatic
# * := 
# automatic
# + := 
# automatic
# | := 
# automatic
# < := 
# automatic
# ^ := 
# automatic
 
# ? := 
# variable set hash-table stats:
# Load=8/32=25%, Rehash=0, Collisions=1/11=9%
#  commands to execute (from `Makefile', line 52):
	$(NAME)
	

# Not a target:
srcs/pipex.o:
#  Implicit rule search has not been done.
#  Modification time never checked.
#  File has not been updated.

.PHONY: all clean fclean re bonus bonus_clean bonus_fclean bonus_re
#  Implicit rule search has not been done.
#  Modification time never checked.
#  File has not been updated.

# Not a target:
.SUFFIXES:
#  Implicit rule search has not been done.
#  Modification time never checked.
#  File has not been updated.

# Not a target:
srcs/free.o:
#  Implicit rule search has not been done.
#  Modification time never checked.
#  File has not been updated.

# Not a target:
Makefile:
#  Implicit rule search has been done.
#  Last modified 2021-12-07 11:14:09
#  File has been updated.
#  Successfully updated.
# variable set hash-table stats:
# Load=0/32=0%, Rehash=0, Collisions=0/0=0%

# Not a target:
srcs/init_structs.o:
#  Implicit rule search has not been done.
#  Modification time never checked.
#  File has not been updated.

bonus_re: bonus_fclean bonus
#  Phony target (prerequisite of .PHONY).
#  Implicit rule search has not been done.
#  File does not exist.
#  File has not been updated.

bonus: bonus/bonus.o bonus/errors.o bonus/free.o bonus/init_struct.o bonus/paths.o bonus/pipes.o
#  Phony target (prerequisite of .PHONY).
#  Implicit rule search has not been done.
#  File does not exist.
#  File has not been updated.
#  commands to execute (from `Makefile', line 66):
	$(MAKE) -C $(LIBFT_PATH)
	cp ./libft/libft.a .
	$(CC) $(BONUS_CFLAGS) $(BONUS_OBJS) -L. -lft -o $(BONUS_NAME)
	@echo pipex[bonus] successfully made !!!
	

fclean: clean
#  Phony target (prerequisite of .PHONY).
#  Implicit rule search has not been done.
#  File does not exist.
#  File has not been updated.
#  commands to execute (from `Makefile', line 59):
	$(MAKE) -C $(LIBFT_PATH) fclean
	$(RM) $(NAME)
	$(RM) libft.a
	

# Not a target:
bonus/free.o:
#  Implicit rule search has not been done.
#  Modification time never checked.
#  File has not been updated.

# Not a target:
.DEFAULT:
#  Implicit rule search has not been done.
#  Modification time never checked.
#  File has not been updated.

# Not a target:
bonus/init_struct.o:
#  Implicit rule search has not been done.
#  Modification time never checked.
#  File has not been updated.

# Not a target:
srcs/pipes.o:
#  Implicit rule search has not been done.
#  Modification time never checked.
#  File has not been updated.

re: fclean all
#  Phony target (prerequisite of .PHONY).
#  Implicit rule search has not been done.
#  File does not exist.
#  File has not been updated.

clean:
#  Phony target (prerequisite of .PHONY).
#  Implicit rule search has not been done.
#  File does not exist.
#  File has not been updated.
#  commands to execute (from `Makefile', line 55):
	$(MAKE) -C $(LIBFT_PATH) clean
	$(RM) $(OBJS)
	

bonus_fclean: bonus_clean
#  Phony target (prerequisite of .PHONY).
#  Implicit rule search has not been done.
#  File does not exist.
#  File has not been updated.
#  commands to execute (from `Makefile', line 76):
	$(MAKE) -C $(LIBFT_PATH) fclean
	$(RM) $(BONUS_NAME)
	$(RM) libft.a
	

bonus_clean:
#  Phony target (prerequisite of .PHONY).
#  Implicit rule search has not been done.
#  File does not exist.
#  File has not been updated.
#  commands to execute (from `Makefile', line 72):
	$(MAKE) -C $(LIBFT_PATH) clean
	$(RM) $(BONUS_OBJS)
	

# Not a target:
srcs/paths.o:
#  Implicit rule search has not been done.
#  Modification time never checked.
#  File has not been updated.

# Not a target:
srcs/errors.o:
#  Implicit rule search has not been done.
#  Modification time never checked.
#  File has not been updated.

# Not a target:
bonus/pipes.o:
#  Implicit rule search has not been done.
#  Modification time never checked.
#  File has not been updated.

pipex: srcs/errors.o srcs/free.o srcs/init_structs.o srcs/paths.o srcs/pipes.o srcs/pipex.o
#  Implicit rule search has not been done.
#  Modification time never checked.
#  File has not been updated.
#  commands to execute (from `Makefile', line 46):
	$(MAKE) -C $(LIBFT_PATH)
	cp ./libft/libft.a .
	$(CC) $(CFLAGS) $(OBJS) -L. -lft -o $(NAME)
	@echo pipex successfully made !!!
	

# Not a target:
bonus/bonus.o:
#  Implicit rule search has not been done.
#  Modification time never checked.
#  File has not been updated.

# files hash-table stats:
# Load=25/1024=2%, Rehash=0, Collisions=0/65=0%
# VPATH Search Paths

# No `vpath' search paths.

# No general (`VPATH' variable) search path.

# # of strings in strcache: 1
# # of strcache buffers: 1
# strcache size: total = 4096 / max = 4096 / min = 4096 / avg = 4096
# strcache free: total = 4087 / max = 4087 / min = 4087 / avg = 4087

 
# Finished Make data base on Tue Dec  7 11:19:47 2021

 
